GowinSynthesis start
Running parser ...
Analyzing Verilog file 'C:\Users\bkesk\Desktop\gw\Tek_Port_Ram\src\Ram.v'
Compiling module 'ram'("C:\Users\bkesk\Desktop\gw\Tek_Port_Ram\src\Ram.v":1)
Extracting RAM for identifier 'bellek'("C:\Users\bkesk\Desktop\gw\Tek_Port_Ram\src\Ram.v":6)
NOTE  (EX0101) : Current top module is "ram"
[5%] Running netlist conversion ...
Running device independent optimization ...
[10%] Optimizing Phase 0 completed
[15%] Optimizing Phase 1 completed
[25%] Optimizing Phase 2 completed
Running inference ...
[30%] Inferring Phase 0 completed
[40%] Inferring Phase 1 completed
[50%] Inferring Phase 2 completed
[55%] Inferring Phase 3 completed
Running technical mapping ...
[60%] Tech-Mapping Phase 0 completed
[65%] Tech-Mapping Phase 1 completed
[75%] Tech-Mapping Phase 2 completed
[80%] Tech-Mapping Phase 3 completed
[90%] Tech-Mapping Phase 4 completed
[95%] Generate netlist file "C:\Users\bkesk\Desktop\gw\Tek_Port_Ram\impl\gwsynthesis\Tek_Port_Ram.vg" completed
[100%] Generate report file "C:\Users\bkesk\Desktop\gw\Tek_Port_Ram\impl\gwsynthesis\Tek_Port_Ram_syn.rpt.html" completed
GowinSynthesis finish
